<?xml version="1.0" encoding="UTF-8"?>
<!-- Generated by org.testng.reporters.JUnitXMLReporter -->
<testsuite hostname="SYS_1" name="Test" tests="1" failures="0" timestamp="26 Mar 2018 06:32:04 GMT" time="48.138" errors="0">
  <testcase name="@BeforeMethod launch" time="0.0" classname="TestNG.Child_hrm_myleave">
    <failure type="org.openqa.selenium.WebDriverException" message="Failed to connect to binary FirefoxBinary(C:\Program Files\Mozilla Firefox\firefox.exe) on port 7055; process output follows: 
nboarding@mozilla.org to C:\Program Files\Mozilla Firefox\browser\features\onboarding@mozilla.org.xpi
1522045882846	addons.xpi	INFO	Mapping screenshots@mozilla.org to C:\Program Files\Mozilla Firefox\browser\features\screenshots@mozilla.org.xpi
1522045882846	addons.xpi	INFO	Mapping shield-recipe-client@mozilla.org to C:\Program Files\Mozilla Firefox\browser\features\shield-recipe-client@mozilla.org.xpi
1522045882846	addons.xpi	INFO	Mapping webcompat@mozilla.org to C:\Program Files\Mozilla Firefox\browser\features\webcompat@mozilla.org.xpi
1522045882848	addons.xpi	DEBUG	Existing add-on activity-stream@mozilla.org in app-system-defaults
1522045882848	addons.xpi	DEBUG	Existing add-on aushelper@mozilla.org in app-system-defaults
1522045882848	addons.xpi	DEBUG	Existing add-on firefox@getpocket.com in app-system-defaults
1522045882848	addons.xpi	DEBUG	Existing add-on followonsearch@mozilla.com in app-system-defaults
1522045882848	addons.xpi	DEBUG	Existing add-on formautofill@mozilla.org in app-system-defaults
1522045882850	addons.xpi	DEBUG	Existing add-on onboarding@mozilla.org in app-system-defaults
1522045882850	addons.xpi	DEBUG	Existing add-on screenshots@mozilla.org in app-system-defaults
1522045882850	addons.xpi	DEBUG	Existing add-on shield-recipe-client@mozilla.org in app-system-defaults
1522045882852	addons.xpi	DEBUG	Existing add-on webcompat@mozilla.org in app-system-defaults
1522045882852	addons.xpi	INFO	Mapping {972ce4c6-7e08-4474-a285-3208198ce6fd} to C:\Program Files\Mozilla Firefox\browser\extensions\{972ce4c6-7e08-4474-a285-3208198ce6fd}.xpi
1522045882854	addons.xpi	DEBUG	Existing add-on {972ce4c6-7e08-4474-a285-3208198ce6fd} in app-global
1522045882854	addons.xpi	DEBUG	getInstallState changed: false, state: {}
Crash Annotation GraphicsCriticalError: |[C0][GFX1]: Potential driver version mismatch ignored due to missing DLLs igd10umd64 v= and igd10iumd64 v= (t=1.03006) [GFX1]: Potential driver version mismatch ignored due to missing DLLs igd10umd64 v= and igd10iumd64 v=
1522045896060	addons.xpi	DEBUG	Calling bootstrap method shutdown on webcompat@mozilla.org version 1.1
1522045896060	addons.xpi	DEBUG	Calling bootstrap method shutdown on shield-recipe-client@mozilla.org version 80
1522045896062	addons.xpi	DEBUG	Calling bootstrap method shutdown on screenshots@mozilla.org version 25.0.0
1522045896074	addons.xpi	DEBUG	Calling bootstrap method shutdown on onboarding@mozilla.org version 1.0
1522045896074	addons.xpi	DEBUG	Calling bootstrap method shutdown on formautofill@mozilla.org version 1.0
1522045896076	addons.xpi	DEBUG	Calling bootstrap method shutdown on followonsearch@mozilla.com version 0.9.6
1522045896076	addons.xpi	DEBUG	Calling bootstrap method shutdown on firefox@getpocket.com version 1.0.5
1522045896076	addons.xpi	DEBUG	Calling bootstrap method shutdown on aushelper@mozilla.org version 2.0
1522045896078	addons.xpi	DEBUG	Calling bootstrap method shutdown on activity-stream@mozilla.org version 2018.02.17.0026-173e2795
Unable to read VR Path Registry from C:\Users\tm\AppData\Local\openvr\openvrpaths.vrpath
[Child 3580, Chrome_ChildThread] WARNING: pipe error: 109: file z:/build/build/src/ipc/chromium/src/chrome/common/ipc_channel_win.cc, line 346
1522045896446	addons.manager	DEBUG	shutdown
1522045896446	addons.manager	DEBUG	Calling shutdown blocker for XPIProvider
1522045896448	addons.xpi	DEBUG	shutdown
1522045896448	addons.xpi-utils	DEBUG	shutdown
1522045896448	addons.manager	DEBUG	Calling shutdown blocker for LightweightThemeManager
1522045896448	addons.manager	DEBUG	Calling shutdown blocker for GMPProvider
1522045896448	addons.manager	DEBUG	Calling shutdown blocker for PluginProvider
1522045896448	addons.manager	DEBUG	Calling shutdown blocker for PreviousExperimentProvider
1522045896458	addons.manager	DEBUG	Async provider shutdown done
*** UTM:SVC TimerManager:registerTimer called after profile-before-change notification. Ignoring timer registration for id: telemetry_modules_ping
Unable to read VR Path Registry from C:\Users\tm\AppData\Local\openvr\openvrpaths.vrpath

Build info: version: &amp;apos;2.53.0&amp;apos;, revision: &amp;apos;35ae25b&amp;apos;, time: &amp;apos;2016-03-15 16:57:40&amp;apos;
System info: host: &amp;apos;SYS_1&amp;apos;, ip: &amp;apos;192.168.0.14&amp;apos;, os.name: &amp;apos;Windows 7&amp;apos;, os.arch: &amp;apos;amd64&amp;apos;, os.version: &amp;apos;6.1&amp;apos;, java.version: &amp;apos;1.8.0_144&amp;apos;
Driver info: driver.version: FirefoxDriver">
      <![CDATA[org.openqa.selenium.WebDriverException: Failed to connect to binary FirefoxBinary(C:\Program Files\Mozilla Firefox\firefox.exe) on port 7055; process output follows: 
nboarding@mozilla.org to C:\Program Files\Mozilla Firefox\browser\features\onboarding@mozilla.org.xpi
1522045882846	addons.xpi	INFO	Mapping screenshots@mozilla.org to C:\Program Files\Mozilla Firefox\browser\features\screenshots@mozilla.org.xpi
1522045882846	addons.xpi	INFO	Mapping shield-recipe-client@mozilla.org to C:\Program Files\Mozilla Firefox\browser\features\shield-recipe-client@mozilla.org.xpi
1522045882846	addons.xpi	INFO	Mapping webcompat@mozilla.org to C:\Program Files\Mozilla Firefox\browser\features\webcompat@mozilla.org.xpi
1522045882848	addons.xpi	DEBUG	Existing add-on activity-stream@mozilla.org in app-system-defaults
1522045882848	addons.xpi	DEBUG	Existing add-on aushelper@mozilla.org in app-system-defaults
1522045882848	addons.xpi	DEBUG	Existing add-on firefox@getpocket.com in app-system-defaults
1522045882848	addons.xpi	DEBUG	Existing add-on followonsearch@mozilla.com in app-system-defaults
1522045882848	addons.xpi	DEBUG	Existing add-on formautofill@mozilla.org in app-system-defaults
1522045882850	addons.xpi	DEBUG	Existing add-on onboarding@mozilla.org in app-system-defaults
1522045882850	addons.xpi	DEBUG	Existing add-on screenshots@mozilla.org in app-system-defaults
1522045882850	addons.xpi	DEBUG	Existing add-on shield-recipe-client@mozilla.org in app-system-defaults
1522045882852	addons.xpi	DEBUG	Existing add-on webcompat@mozilla.org in app-system-defaults
1522045882852	addons.xpi	INFO	Mapping {972ce4c6-7e08-4474-a285-3208198ce6fd} to C:\Program Files\Mozilla Firefox\browser\extensions\{972ce4c6-7e08-4474-a285-3208198ce6fd}.xpi
1522045882854	addons.xpi	DEBUG	Existing add-on {972ce4c6-7e08-4474-a285-3208198ce6fd} in app-global
1522045882854	addons.xpi	DEBUG	getInstallState changed: false, state: {}
Crash Annotation GraphicsCriticalError: |[C0][GFX1]: Potential driver version mismatch ignored due to missing DLLs igd10umd64 v= and igd10iumd64 v= (t=1.03006) [GFX1]: Potential driver version mismatch ignored due to missing DLLs igd10umd64 v= and igd10iumd64 v=
1522045896060	addons.xpi	DEBUG	Calling bootstrap method shutdown on webcompat@mozilla.org version 1.1
1522045896060	addons.xpi	DEBUG	Calling bootstrap method shutdown on shield-recipe-client@mozilla.org version 80
1522045896062	addons.xpi	DEBUG	Calling bootstrap method shutdown on screenshots@mozilla.org version 25.0.0
1522045896074	addons.xpi	DEBUG	Calling bootstrap method shutdown on onboarding@mozilla.org version 1.0
1522045896074	addons.xpi	DEBUG	Calling bootstrap method shutdown on formautofill@mozilla.org version 1.0
1522045896076	addons.xpi	DEBUG	Calling bootstrap method shutdown on followonsearch@mozilla.com version 0.9.6
1522045896076	addons.xpi	DEBUG	Calling bootstrap method shutdown on firefox@getpocket.com version 1.0.5
1522045896076	addons.xpi	DEBUG	Calling bootstrap method shutdown on aushelper@mozilla.org version 2.0
1522045896078	addons.xpi	DEBUG	Calling bootstrap method shutdown on activity-stream@mozilla.org version 2018.02.17.0026-173e2795
Unable to read VR Path Registry from C:\Users\tm\AppData\Local\openvr\openvrpaths.vrpath
[Child 3580, Chrome_ChildThread] WARNING: pipe error: 109: file z:/build/build/src/ipc/chromium/src/chrome/common/ipc_channel_win.cc, line 346
1522045896446	addons.manager	DEBUG	shutdown
1522045896446	addons.manager	DEBUG	Calling shutdown blocker for XPIProvider
1522045896448	addons.xpi	DEBUG	shutdown
1522045896448	addons.xpi-utils	DEBUG	shutdown
1522045896448	addons.manager	DEBUG	Calling shutdown blocker for LightweightThemeManager
1522045896448	addons.manager	DEBUG	Calling shutdown blocker for GMPProvider
1522045896448	addons.manager	DEBUG	Calling shutdown blocker for PluginProvider
1522045896448	addons.manager	DEBUG	Calling shutdown blocker for PreviousExperimentProvider
1522045896458	addons.manager	DEBUG	Async provider shutdown done
*** UTM:SVC TimerManager:registerTimer called after profile-before-change notification. Ignoring timer registration for id: telemetry_modules_ping
Unable to read VR Path Registry from C:\Users\tm\AppData\Local\openvr\openvrpaths.vrpath

Build info: version: '2.53.0', revision: '35ae25b', time: '2016-03-15 16:57:40'
System info: host: 'SYS_1', ip: '192.168.0.14', os.name: 'Windows 7', os.arch: 'amd64', os.version: '6.1', java.version: '1.8.0_144'
Driver info: driver.version: FirefoxDriver
	at org.openqa.selenium.firefox.internal.NewProfileExtensionConnection.start(NewProfileExtensionConnection.java:124)
	at org.openqa.selenium.firefox.FirefoxDriver.startClient(FirefoxDriver.java:271)
	at org.openqa.selenium.remote.RemoteWebDriver.<init>(RemoteWebDriver.java:119)
	at org.openqa.selenium.firefox.FirefoxDriver.<init>(FirefoxDriver.java:218)
	at org.openqa.selenium.firefox.FirefoxDriver.<init>(FirefoxDriver.java:211)
	at org.openqa.selenium.firefox.FirefoxDriver.<init>(FirefoxDriver.java:207)
	at org.openqa.selenium.firefox.FirefoxDriver.<init>(FirefoxDriver.java:120)
	at TestNG.Parent_hrm_myleave.launch(Parent_hrm_myleave.java:15)
Caused by: org.openqa.selenium.firefox.NotConnectedException: Unable to connect to host 127.0.0.1 on port 7055 after 45000 ms. Firefox console output:
nboarding@mozilla.org to C:\Program Files\Mozilla Firefox\browser\features\onboarding@mozilla.org.xpi
1522045882846	addons.xpi	INFO	Mapping screenshots@mozilla.org to C:\Program Files\Mozilla Firefox\browser\features\screenshots@mozilla.org.xpi
1522045882846	addons.xpi	INFO	Mapping shield-recipe-client@mozilla.org to C:\Program Files\Mozilla Firefox\browser\features\shield-recipe-client@mozilla.org.xpi
1522045882846	addons.xpi	INFO	Mapping webcompat@mozilla.org to C:\Program Files\Mozilla Firefox\browser\features\webcompat@mozilla.org.xpi
1522045882848	addons.xpi	DEBUG	Existing add-on activity-stream@mozilla.org in app-system-defaults
1522045882848	addons.xpi	DEBUG	Existing add-on aushelper@mozilla.org in app-system-defaults
1522045882848	addons.xpi	DEBUG	Existing add-on firefox@getpocket.com in app-system-defaults
1522045882848	addons.xpi	DEBUG	Existing add-on followonsearch@mozilla.com in app-system-defaults
1522045882848	addons.xpi	DEBUG	Existing add-on formautofill@mozilla.org in app-system-defaults
1522045882850	addons.xpi	DEBUG	Existing add-on onboarding@mozilla.org in app-system-defaults
1522045882850	addons.xpi	DEBUG	Existing add-on screenshots@mozilla.org in app-system-defaults
1522045882850	addons.xpi	DEBUG	Existing add-on shield-recipe-client@mozilla.org in app-system-defaults
1522045882852	addons.xpi	DEBUG	Existing add-on webcompat@mozilla.org in app-system-defaults
1522045882852	addons.xpi	INFO	Mapping {972ce4c6-7e08-4474-a285-3208198ce6fd} to C:\Program Files\Mozilla Firefox\browser\extensions\{972ce4c6-7e08-4474-a285-3208198ce6fd}.xpi
1522045882854	addons.xpi	DEBUG	Existing add-on {972ce4c6-7e08-4474-a285-3208198ce6fd} in app-global
1522045882854	addons.xpi	DEBUG	getInstallState changed: false, state: {}
Crash Annotation GraphicsCriticalError: |[C0][GFX1]: Potential driver version mismatch ignored due to missing DLLs igd10umd64 v= and igd10iumd64 v= (t=1.03006) [GFX1]: Potential driver version mismatch ignored due to missing DLLs igd10umd64 v= and igd10iumd64 v=
1522045896060	addons.xpi	DEBUG	Calling bootstrap method shutdown on webcompat@mozilla.org version 1.1
1522045896060	addons.xpi	DEBUG	Calling bootstrap method shutdown on shield-recipe-client@mozilla.org version 80
1522045896062	addons.xpi	DEBUG	Calling bootstrap method shutdown on screenshots@mozilla.org version 25.0.0
1522045896074	addons.xpi	DEBUG	Calling bootstrap method shutdown on onboarding@mozilla.org version 1.0
1522045896074	addons.xpi	DEBUG	Calling bootstrap method shutdown on formautofill@mozilla.org version 1.0
1522045896076	addons.xpi	DEBUG	Calling bootstrap method shutdown on followonsearch@mozilla.com version 0.9.6
1522045896076	addons.xpi	DEBUG	Calling bootstrap method shutdown on firefox@getpocket.com version 1.0.5
1522045896076	addons.xpi	DEBUG	Calling bootstrap method shutdown on aushelper@mozilla.org version 2.0
1522045896078	addons.xpi	DEBUG	Calling bootstrap method shutdown on activity-stream@mozilla.org version 2018.02.17.0026-173e2795
Unable to read VR Path Registry from C:\Users\tm\AppData\Local\openvr\openvrpaths.vrpath
[Child 3580, Chrome_ChildThread] WARNING: pipe error: 109: file z:/build/build/src/ipc/chromium/src/chrome/common/ipc_channel_win.cc, line 346
1522045896446	addons.manager	DEBUG	shutdown
1522045896446	addons.manager	DEBUG	Calling shutdown blocker for XPIProvider
1522045896448	addons.xpi	DEBUG	shutdown
1522045896448	addons.xpi-utils	DEBUG	shutdown
1522045896448	addons.manager	DEBUG	Calling shutdown blocker for LightweightThemeManager
1522045896448	addons.manager	DEBUG	Calling shutdown blocker for GMPProvider
1522045896448	addons.manager	DEBUG	Calling shutdown blocker for PluginProvider
1522045896448	addons.manager	DEBUG	Calling shutdown blocker for PreviousExperimentProvider
1522045896458	addons.manager	DEBUG	Async provider shutdown done
*** UTM:SVC TimerManager:registerTimer called after profile-before-change notification. Ignoring timer registration for id: telemetry_modules_ping
Unable to read VR Path Registry from C:\Users\tm\AppData\Local\openvr\openvrpaths.vrpath

	at org.openqa.selenium.firefox.internal.NewProfileExtensionConnection.start(NewProfileExtensionConnection.java:112)
	... 33 more
... Removed 26 stack frames]]>
    </failure>
  </testcase> <!-- @BeforeMethod launch -->
  <testcase name="@AfterMethod close" time="0.0" classname="TestNG.Child_hrm_myleave">
    <skipped/>
  </testcase> <!-- @AfterMethod close -->
  <testcase name="LoginHRM" time="0.015" classname="TestNG.Child_hrm_myleave">
    <skipped/>
  </testcase> <!-- LoginHRM -->
</testsuite> <!-- Test -->
